Determining if the pthread_create exist failed with the following output:
Change Dir: /home/odroid/car-whisper/build/CMakeFiles/CMakeTmp

Run Build Command:/usr/bin/make "cmTryCompileExec798342851/fast"
/usr/bin/make -f CMakeFiles/cmTryCompileExec798342851.dir/build.make CMakeFiles/cmTryCompileExec798342851.dir/build
make[1]: Entering directory `/home/odroid/car-whisper/build/CMakeFiles/CMakeTmp'
/usr/bin/cmake -E cmake_progress_report /home/odroid/car-whisper/build/CMakeFiles/CMakeTmp/CMakeFiles 1
Building C object CMakeFiles/cmTryCompileExec798342851.dir/CheckSymbolExists.c.o
/usr/bin/cc    -o CMakeFiles/cmTryCompileExec798342851.dir/CheckSymbolExists.c.o   -c /home/odroid/car-whisper/build/CMakeFiles/CMakeTmp/CheckSymbolExists.c
Linking C executable cmTryCompileExec798342851
/usr/bin/cmake -E cmake_link_script CMakeFiles/cmTryCompileExec798342851.dir/link.txt --verbose=1
/usr/bin/cc       CMakeFiles/cmTryCompileExec798342851.dir/CheckSymbolExists.c.o  -o cmTryCompileExec798342851 -rdynamic 
CMakeFiles/cmTryCompileExec798342851.dir/CheckSymbolExists.c.o: In function `main':
CheckSymbolExists.c:(.text+0xe): undefined reference to `pthread_create'
CheckSymbolExists.c:(.text+0x12): undefined reference to `pthread_create'
collect2: error: ld returned 1 exit status
make[1]: *** [cmTryCompileExec798342851] Error 1
make[1]: Leaving directory `/home/odroid/car-whisper/build/CMakeFiles/CMakeTmp'
make: *** [cmTryCompileExec798342851/fast] Error 2

File /home/odroid/car-whisper/build/CMakeFiles/CMakeTmp/CheckSymbolExists.c:
/* */
#include <pthread.h>

int main(int argc, char** argv)
{
  (void)argv;
#ifndef pthread_create
  return ((int*)(&pthread_create))[argc];
#else
  (void)argc;
  return 0;
#endif
}

Determining if the function pthread_create exists in the pthreads failed with the following output:
Change Dir: /home/odroid/car-whisper/build/CMakeFiles/CMakeTmp

Run Build Command:/usr/bin/make "cmTryCompileExec4201648454/fast"
/usr/bin/make -f CMakeFiles/cmTryCompileExec4201648454.dir/build.make CMakeFiles/cmTryCompileExec4201648454.dir/build
make[1]: Entering directory `/home/odroid/car-whisper/build/CMakeFiles/CMakeTmp'
make[1]: Warning: File `/usr/share/cmake-2.8/Modules/CheckFunctionExists.c' has modification time 3.3e+07 s in the future
/usr/bin/cmake -E cmake_progress_report /home/odroid/car-whisper/build/CMakeFiles/CMakeTmp/CMakeFiles 1
Building C object CMakeFiles/cmTryCompileExec4201648454.dir/CheckFunctionExists.c.o
/usr/bin/cc   -DCHECK_FUNCTION_EXISTS=pthread_create   -o CMakeFiles/cmTryCompileExec4201648454.dir/CheckFunctionExists.c.o   -c /usr/share/cmake-2.8/Modules/CheckFunctionExists.c
Linking C executable cmTryCompileExec4201648454
/usr/bin/cmake -E cmake_link_script CMakeFiles/cmTryCompileExec4201648454.dir/link.txt --verbose=1
/usr/bin/cc   -DCHECK_FUNCTION_EXISTS=pthread_create    CMakeFiles/cmTryCompileExec4201648454.dir/CheckFunctionExists.c.o  -o cmTryCompileExec4201648454 -rdynamic -lpthreads 
/usr/bin/ld.bfd.real: cannot find -lpthreads
collect2: error: ld returned 1 exit status
make[1]: *** [cmTryCompileExec4201648454] Error 1
make[1]: Leaving directory `/home/odroid/car-whisper/build/CMakeFiles/CMakeTmp'
make: *** [cmTryCompileExec4201648454/fast] Error 2


Determining if the Q_WS_WIN exist failed with the following output:
Change Dir: /home/odroid/car-whisper/build/CMakeFiles/CMakeTmp

Run Build Command:/usr/bin/make "cmTryCompileExec1925831238/fast"
make[1]: Entering directory `/home/odroid/car-whisper/build/CMakeFiles/CMakeTmp'
/usr/bin/make -f CMakeFiles/cmTryCompileExec1925831238.dir/build.make CMakeFiles/cmTryCompileExec1925831238.dir/build
make[2]: Entering directory `/home/odroid/car-whisper/build/CMakeFiles/CMakeTmp'
/usr/bin/cmake -E cmake_progress_report /home/odroid/car-whisper/build/CMakeFiles/CMakeTmp/CMakeFiles 1
Building CXX object CMakeFiles/cmTryCompileExec1925831238.dir/CheckSymbolExists.cxx.o
/usr/bin/c++    -I/usr/include/qt4    -o CMakeFiles/cmTryCompileExec1925831238.dir/CheckSymbolExists.cxx.o -c /home/odroid/car-whisper/build/CMakeFiles/CMakeTmp/CheckSymbolExists.cxx
/home/odroid/car-whisper/build/CMakeFiles/CMakeTmp/CheckSymbolExists.cxx: In function 'int main(int, char**)':
/home/odroid/car-whisper/build/CMakeFiles/CMakeTmp/CheckSymbolExists.cxx:8:19: error: 'Q_WS_WIN' was not declared in this scope
   return ((int*)(&Q_WS_WIN))[argc];
                   ^
make[2]: *** [CMakeFiles/cmTryCompileExec1925831238.dir/CheckSymbolExists.cxx.o] Error 1
make[2]: Leaving directory `/home/odroid/car-whisper/build/CMakeFiles/CMakeTmp'
make[1]: *** [cmTryCompileExec1925831238/fast] Error 2
make[1]: Leaving directory `/home/odroid/car-whisper/build/CMakeFiles/CMakeTmp'

File /home/odroid/car-whisper/build/CMakeFiles/CMakeTmp/CheckSymbolExists.cxx:
/* */
#include <QtCore/qglobal.h>

int main(int argc, char** argv)
{
  (void)argv;
#ifndef Q_WS_WIN
  return ((int*)(&Q_WS_WIN))[argc];
#else
  (void)argc;
  return 0;
#endif
}

Determining if the Q_WS_QWS exist failed with the following output:
Change Dir: /home/odroid/car-whisper/build/CMakeFiles/CMakeTmp

Run Build Command:/usr/bin/make "cmTryCompileExec3876982242/fast"
make[1]: Entering directory `/home/odroid/car-whisper/build/CMakeFiles/CMakeTmp'
/usr/bin/make -f CMakeFiles/cmTryCompileExec3876982242.dir/build.make CMakeFiles/cmTryCompileExec3876982242.dir/build
make[2]: Entering directory `/home/odroid/car-whisper/build/CMakeFiles/CMakeTmp'
/usr/bin/cmake -E cmake_progress_report /home/odroid/car-whisper/build/CMakeFiles/CMakeTmp/CMakeFiles 1
Building CXX object CMakeFiles/cmTryCompileExec3876982242.dir/CheckSymbolExists.cxx.o
/usr/bin/c++    -I/usr/include/qt4    -o CMakeFiles/cmTryCompileExec3876982242.dir/CheckSymbolExists.cxx.o -c /home/odroid/car-whisper/build/CMakeFiles/CMakeTmp/CheckSymbolExists.cxx
/home/odroid/car-whisper/build/CMakeFiles/CMakeTmp/CheckSymbolExists.cxx: In function 'int main(int, char**)':
/home/odroid/car-whisper/build/CMakeFiles/CMakeTmp/CheckSymbolExists.cxx:8:19: error: 'Q_WS_QWS' was not declared in this scope
   return ((int*)(&Q_WS_QWS))[argc];
                   ^
make[2]: *** [CMakeFiles/cmTryCompileExec3876982242.dir/CheckSymbolExists.cxx.o] Error 1
make[2]: Leaving directory `/home/odroid/car-whisper/build/CMakeFiles/CMakeTmp'
make[1]: *** [cmTryCompileExec3876982242/fast] Error 2
make[1]: Leaving directory `/home/odroid/car-whisper/build/CMakeFiles/CMakeTmp'

File /home/odroid/car-whisper/build/CMakeFiles/CMakeTmp/CheckSymbolExists.cxx:
/* */
#include <QtCore/qglobal.h>

int main(int argc, char** argv)
{
  (void)argv;
#ifndef Q_WS_QWS
  return ((int*)(&Q_WS_QWS))[argc];
#else
  (void)argc;
  return 0;
#endif
}

Determining if the Q_WS_MAC exist failed with the following output:
Change Dir: /home/odroid/car-whisper/build/CMakeFiles/CMakeTmp

Run Build Command:/usr/bin/make "cmTryCompileExec423444797/fast"
make[1]: Entering directory `/home/odroid/car-whisper/build/CMakeFiles/CMakeTmp'
/usr/bin/make -f CMakeFiles/cmTryCompileExec423444797.dir/build.make CMakeFiles/cmTryCompileExec423444797.dir/build
make[2]: Entering directory `/home/odroid/car-whisper/build/CMakeFiles/CMakeTmp'
/usr/bin/cmake -E cmake_progress_report /home/odroid/car-whisper/build/CMakeFiles/CMakeTmp/CMakeFiles 1
Building CXX object CMakeFiles/cmTryCompileExec423444797.dir/CheckSymbolExists.cxx.o
/usr/bin/c++    -I/usr/include/qt4    -o CMakeFiles/cmTryCompileExec423444797.dir/CheckSymbolExists.cxx.o -c /home/odroid/car-whisper/build/CMakeFiles/CMakeTmp/CheckSymbolExists.cxx
/home/odroid/car-whisper/build/CMakeFiles/CMakeTmp/CheckSymbolExists.cxx: In function 'int main(int, char**)':
/home/odroid/car-whisper/build/CMakeFiles/CMakeTmp/CheckSymbolExists.cxx:8:19: error: 'Q_WS_MAC' was not declared in this scope
   return ((int*)(&Q_WS_MAC))[argc];
                   ^
make[2]: *** [CMakeFiles/cmTryCompileExec423444797.dir/CheckSymbolExists.cxx.o] Error 1
make[2]: Leaving directory `/home/odroid/car-whisper/build/CMakeFiles/CMakeTmp'
make[1]: *** [cmTryCompileExec423444797/fast] Error 2
make[1]: Leaving directory `/home/odroid/car-whisper/build/CMakeFiles/CMakeTmp'

File /home/odroid/car-whisper/build/CMakeFiles/CMakeTmp/CheckSymbolExists.cxx:
/* */
#include <QtCore/qglobal.h>

int main(int argc, char** argv)
{
  (void)argv;
#ifndef Q_WS_MAC
  return ((int*)(&Q_WS_MAC))[argc];
#else
  (void)argc;
  return 0;
#endif
}

